<?xml version="1.0" encoding="UTF-8"?>
<!-- Generated by org.testng.reporters.JUnitReportReporter -->
<testsuite hostname="DESKTOP-8DPVRQ3" failures="0" tests="6" name="com.test.TestNG.NewTest2" time="0.055" errors="0" timestamp="2020-09-13T17:51:00 IST" skipped="0">
  <testcase classname="com.test.TestNG.NewTest2" name="openPage" time="0.008"/>
  <system-out/>
  <testcase classname="com.test.TestNG.NewTest2" name="login" time="0.014"/>
  <system-out/>
  <testcase classname="com.test.TestNG.NewTest2" name="addNewUser" time="0.013"/>
  <system-out/>
  <testcase classname="com.test.TestNG.NewTest2" name="viewUsers" time="0.009"/>
  <system-out/>
  <testcase classname="com.test.TestNG.NewTest2" name="removeExistingUser" time="0.006"/>
  <system-out/>
  <testcase classname="com.test.TestNG.NewTest2" name="Logout" time="0.005"/>
  <system-out/>
</testsuite> <!-- com.test.TestNG.NewTest2 -->
