<?xml version="1.0" encoding="UTF-8"?>
<!-- Generated by org.testng.reporters.JUnitReportReporter -->
<testsuite hostname="DESKTOP-8DPVRQ3" failures="0" tests="6" name="com.test.TestNG.NewTest2" time="0.010" errors="0" timestamp="2020-09-25T15:55:31 IST" skipped="0">
  <testcase classname="com.test.TestNG.NewTest2" name="openPage" time="0.006"/>
  <system-out/>
  <testcase classname="com.test.TestNG.NewTest2" name="login" time="0.001"/>
  <system-out/>
  <testcase classname="com.test.TestNG.NewTest2" name="addNewUser" time="0.001"/>
  <system-out/>
  <testcase classname="com.test.TestNG.NewTest2" name="viewUsers" time="0.001"/>
  <system-out/>
  <testcase classname="com.test.TestNG.NewTest2" name="removeExistingUser" time="0.000"/>
  <system-out/>
  <testcase classname="com.test.TestNG.NewTest2" name="Logout" time="0.001"/>
  <system-out/>
</testsuite> <!-- com.test.TestNG.NewTest2 -->
