<?xml version="1.0" encoding="UTF-8"?>
<!-- Generated by org.testng.reporters.JUnitReportReporter -->
<testsuite hostname="DESKTOP-8DPVRQ3" failures="0" tests="6" name="com.test.TestNG.NewTest" time="0.060" errors="0" timestamp="2020-09-13T17:51:00 IST" skipped="0">
  <testcase classname="com.test.TestNG.NewTest" name="openPage" time="0.007"/>
  <system-out/>
  <testcase classname="com.test.TestNG.NewTest" name="login" time="0.012"/>
  <system-out/>
  <testcase classname="com.test.TestNG.NewTest" name="addNewUser" time="0.011"/>
  <system-out/>
  <testcase classname="com.test.TestNG.NewTest" name="viewUsers" time="0.010"/>
  <system-out/>
  <testcase classname="com.test.TestNG.NewTest" name="removeExistingUser" time="0.011"/>
  <system-out/>
  <testcase classname="com.test.TestNG.NewTest" name="Logout" time="0.009"/>
  <system-out/>
</testsuite> <!-- com.test.TestNG.NewTest -->
